<?xml version="1.0" encoding="UTF-8"?>
<testsuite xmlns:xsi="http://www.w3.org/2001/XMLSchema-instance" xsi:schemaLocation="https://maven.apache.org/surefire/maven-surefire-plugin/xsd/surefire-test-report.xsd" name="com.google.zxing.datamatrix.encoder.HighLevelEncodeTestCase" time="0.027" tests="19" errors="0" skipped="1" failures="0">
  <properties>
[...]
</properties>
  <testcase name="testC40EncodationBasic1" classname="com.google.zxing.datamatrix.encoder.HighLevelEncodeTestCase" time="0"/>
  <testcase name="testC40EncodationBasic2" classname="com.google.zxing.datamatrix.encoder.HighLevelEncodeTestCase" time="0.001"/>
  <testcase name="testTextEncodation" classname="com.google.zxing.datamatrix.encoder.HighLevelEncodeTestCase" time="0.001"/>
  <testcase name="testASCIIEncodation" classname="com.google.zxing.datamatrix.encoder.HighLevelEncodeTestCase" time="0"/>
  <testcase name="testBug3048549" classname="com.google.zxing.datamatrix.encoder.HighLevelEncodeTestCase" time="0.001"/>
  <testcase name="testMacroCharacters" classname="com.google.zxing.datamatrix.encoder.HighLevelEncodeTestCase" time="0"/>
  <testcase name="testX12Encodation" classname="com.google.zxing.datamatrix.encoder.HighLevelEncodeTestCase" time="0.002"/>
  <testcase name="testC40EncodationSpecialCases1" classname="com.google.zxing.datamatrix.encoder.HighLevelEncodeTestCase" time="0.001"/>
  <testcase name="testC40EncodationSpecialCases2" classname="com.google.zxing.datamatrix.encoder.HighLevelEncodeTestCase" time="0"/>
  <testcase name="testBase256Encodation" classname="com.google.zxing.datamatrix.encoder.HighLevelEncodeTestCase" time="0.007"/>
  <testcase name="testUnlatchingFromC40" classname="com.google.zxing.datamatrix.encoder.HighLevelEncodeTestCase" time="0.001"/>
  <testcase name="testDataURL" classname="com.google.zxing.datamatrix.encoder.HighLevelEncodeTestCase" time="0">
    <skipped/>
  </testcase>
  <testcase name="testX12Unlatch2" classname="com.google.zxing.datamatrix.encoder.HighLevelEncodeTestCase" time="0"/>
  <testcase name="testX12Unlatch" classname="com.google.zxing.datamatrix.encoder.HighLevelEncodeTestCase" time="0"/>
  <testcase name="testC40EncodationSpecExample" classname="com.google.zxing.datamatrix.encoder.HighLevelEncodeTestCase" time="0"/>
  <testcase name="testEDIFACTEncodation" classname="com.google.zxing.datamatrix.encoder.HighLevelEncodeTestCase" time="0.001"/>
  <testcase name="testBug1664266" classname="com.google.zxing.datamatrix.encoder.HighLevelEncodeTestCase" time="0"/>
  <testcase name="testUnlatchingFromText" classname="com.google.zxing.datamatrix.encoder.HighLevelEncodeTestCase" time="0"/>
  <testcase name="testHelloWorld" classname="com.google.zxing.datamatrix.encoder.HighLevelEncodeTestCase" time="0"/>
</testsuite>